# JRE version: OpenJDK Runtime Environment (8.0_202-b03) (build 1.8.0_202-release-1483-b03)
# Java VM: OpenJDK 64-Bit Server VM (25.202-b03 mixed mode windows-amd64 compressed oops)
Heap:
 PSYoungGen      total 284672K, used 8802K [0x00000000e0000000, 0x00000000f4d00000, 0x0000000100000000)
  eden space 284160K, 3% used [0x00000000e0000000,0x00000000e0898930,0x00000000f1580000)
  from space 512K, 0% used [0x00000000f4c80000,0x00000000f4c80000,0x00000000f4d00000)
  to   space 24064K, 0% used [0x00000000f1e00000,0x00000000f1e00000,0x00000000f3580000)
 ParOldGen       total 230400K, used 28806K [0x00000000a0000000, 0x00000000ae100000, 0x00000000e0000000)
  object space 230400K, 12% used [0x00000000a0000000,0x00000000a1c21900,0x00000000ae100000)
 Metaspace       used 70863K, capacity 72662K, committed 73816K, reserved 1118208K
  class space    used 9159K, capacity 9576K, committed 9856K, reserved 1048576K
GC Heap History (10 events):
Event: 1281.580 GC heap before
{Heap before GC invocations=16 (full 4):
 PSYoungGen      total 288256K, used 9892K [0x00000000e0000000, 0x00000000f6280000, 0x0000000100000000)
  eden space 265728K, 0% used [0x00000000e0000000,0x00000000e0000000,0x00000000f0380000)
  from space 22528K, 43% used [0x00000000f4c80000,0x00000000f56290b0,0x00000000f6280000)
  to   space 23040K, 0% used [0x00000000f0380000,0x00000000f0380000,0x00000000f1a00000)
 ParOldGen       total 230400K, used 29640K [0x00000000a0000000, 0x00000000ae100000, 0x00000000e0000000)
  object space 230400K, 12% used [0x00000000a0000000,0x00000000a1cf2310,0x00000000ae100000)
 Metaspace       used 68030K, capacity 70186K, committed 70360K, reserved 1114112K
  class space    used 8826K, capacity 9354K, committed 9472K, reserved 1048576K
Event: 1281.833 GC heap after
Heap after GC invocations=16 (full 4):
 PSYoungGen      total 288256K, used 0K [0x00000000e0000000, 0x00000000f6280000, 0x0000000100000000)
  eden space 265728K, 0% used [0x00000000e0000000,0x00000000e0000000,0x00000000f0380000)
  from space 22528K, 0% used [0x00000000f4c80000,0x00000000f4c80000,0x00000000f6280000)
  to   space 23040K, 0% used [0x00000000f0380000,0x00000000f0380000,0x00000000f1a00000)
 ParOldGen       total 230400K, used 36243K [0x00000000a0000000, 0x00000000ae100000, 0x00000000e0000000)
  object space 230400K, 15% used [0x00000000a0000000,0x00000000a2364e08,0x00000000ae100000)
 Metaspace       used 68030K, capacity 70186K, committed 70360K, reserved 1112064K
  class space    used 8826K, capacity 9354K, committed 9472K, reserved 1048576K
}
Event: 1281.880 GC heap before
{Heap before GC invocations=17 (full 4):
 PSYoungGen      total 288256K, used 9218K [0x00000000e0000000, 0x00000000f6280000, 0x0000000100000000)
  eden space 265728K, 3% used [0x00000000e0000000,0x00000000e0900af8,0x00000000f0380000)
  from space 22528K, 0% used [0x00000000f4c80000,0x00000000f4c80000,0x00000000f6280000)
  to   space 23040K, 0% used [0x00000000f0380000,0x00000000f0380000,0x00000000f1a00000)
 ParOldGen       total 230400K, used 36243K [0x00000000a0000000, 0x00000000ae100000, 0x00000000e0000000)
  object space 230400K, 15% used [0x00000000a0000000,0x00000000a2364e08,0x00000000ae100000)
 Metaspace       used 68648K, capacity 70762K, committed 70872K, reserved 1118208K
  class space    used 8910K, capacity 9418K, committed 9472K, reserved 1048576K
Event: 1281.882 GC heap after
Heap after GC invocations=17 (full 4):
 PSYoungGen      total 288768K, used 192K [0x00000000e0000000, 0x00000000f6280000, 0x0000000100000000)
  eden space 265728K, 0% used [0x00000000e0000000,0x00000000e0000000,0x00000000f0380000)
  from space 23040K, 0% used [0x00000000f0380000,0x00000000f03b0000,0x00000000f1a00000)
  to   space 22528K, 0% used [0x00000000f4c80000,0x00000000f4c80000,0x00000000f6280000)
 ParOldGen       total 230400K, used 36243K [0x00000000a0000000, 0x00000000ae100000, 0x00000000e0000000)
  object space 230400K, 15% used [0x00000000a0000000,0x00000000a2364e08,0x00000000ae100000)
 Metaspace       used 68648K, capacity 70762K, committed 70872K, reserved 1118208K
  class space    used 8910K, capacity 9418K, committed 9472K, reserved 1048576K
}
Event: 1281.882 GC heap before
{Heap before GC invocations=18 (full 5):
 PSYoungGen      total 288768K, used 192K [0x00000000e0000000, 0x00000000f6280000, 0x0000000100000000)
  eden space 265728K, 0% used [0x00000000e0000000,0x00000000e0000000,0x00000000f0380000)
  from space 23040K, 0% used [0x00000000f0380000,0x00000000f03b0000,0x00000000f1a00000)
  to   space 22528K, 0% used [0x00000000f4c80000,0x00000000f4c80000,0x00000000f6280000)
 ParOldGen       total 230400K, used 36243K [0x00000000a0000000, 0x00000000ae100000, 0x00000000e0000000)
  object space 230400K, 15% used [0x00000000a0000000,0x00000000a2364e08,0x00000000ae100000)
 Metaspace       used 68648K, capacity 70762K, committed 70872K, reserved 1118208K
  class space    used 8910K, capacity 9418K, committed 9472K, reserved 1048576K
Event: 1281.939 GC heap after
Heap after GC invocations=18 (full 5):
 PSYoungGen      total 288768K, used 0K [0x00000000e0000000, 0x00000000f6280000, 0x0000000100000000)
  eden space 265728K, 0% used [0x00000000e0000000,0x00000000e0000000,0x00000000f0380000)
  from space 23040K, 0% used [0x00000000f0380000,0x00000000f0380000,0x00000000f1a00000)
  to   space 22528K, 0% used [0x00000000f4c80000,0x00000000f4c80000,0x00000000f6280000)
 ParOldGen       total 230400K, used 36101K [0x00000000a0000000, 0x00000000ae100000, 0x00000000e0000000)
  object space 230400K, 15% used [0x00000000a0000000,0x00000000a2341718,0x00000000ae100000)
 Metaspace       used 68648K, capacity 70762K, committed 70872K, reserved 1116160K
  class space    used 8910K, capacity 9418K, committed 9472K, reserved 1048576K
}
Event: 1281.939 GC heap before
{Heap before GC invocations=19 (full 5):
 PSYoungGen      total 288768K, used 0K [0x00000000e0000000, 0x00000000f6280000, 0x0000000100000000)
  eden space 265728K, 0% used [0x00000000e0000000,0x00000000e0000000,0x00000000f0380000)
  from space 23040K, 0% used [0x00000000f0380000,0x00000000f0380000,0x00000000f1a00000)
  to   space 22528K, 0% used [0x00000000f4c80000,0x00000000f4c80000,0x00000000f6280000)
 ParOldGen       total 230400K, used 36101K [0x00000000a0000000, 0x00000000ae100000, 0x00000000e0000000)
  object space 230400K, 15% used [0x00000000a0000000,0x00000000a2341718,0x00000000ae100000)
 Metaspace       used 68648K, capacity 70762K, committed 70872K, reserved 1120256K
  class space    used 8910K, capacity 9418K, committed 9472K, reserved 1048576K
Event: 1281.942 GC heap after
Heap after GC invocations=19 (full 5):
 PSYoungGen      total 284672K, used 0K [0x00000000e0000000, 0x00000000f4d00000, 0x0000000100000000)
  eden space 284160K, 0% used [0x00000000e0000000,0x00000000e0000000,0x00000000f1580000)
  from space 512K, 0% used [0x00000000f4c80000,0x00000000f4c80000,0x00000000f4d00000)
  to   space 24064K, 0% used [0x00000000f1e00000,0x00000000f1e00000,0x00000000f3580000)
 ParOldGen       total 230400K, used 36101K [0x00000000a0000000, 0x00000000ae100000, 0x00000000e0000000)
  object space 230400K, 15% used [0x00000000a0000000,0x00000000a2341718,0x00000000ae100000)
 Metaspace       used 68648K, capacity 70762K, committed 70872K, reserved 1120256K
  class space    used 8910K, capacity 9418K, committed 9472K, reserved 1048576K
}
Event: 1281.942 GC heap before
{Heap before GC invocations=20 (full 6):
 PSYoungGen      total 284672K, used 0K [0x00000000e0000000, 0x00000000f4d00000, 0x0000000100000000)
  eden space 284160K, 0% used [0x00000000e0000000,0x00000000e0000000,0x00000000f1580000)
  from space 512K, 0% used [0x00000000f4c80000,0x00000000f4c80000,0x00000000f4d00000)
  to   space 24064K, 0% used [0x00000000f1e00000,0x00000000f1e00000,0x00000000f3580000)
 ParOldGen       total 230400K, used 36101K [0x00000000a0000000, 0x00000000ae100000, 0x00000000e0000000)
  object space 230400K, 15% used [0x00000000a0000000,0x00000000a2341718,0x00000000ae100000)
 Metaspace       used 68648K, capacity 70762K, committed 70872K, reserved 1120256K
  class space    used 8910K, capacity 9418K, committed 9472K, reserved 1048576K
Event: 1282.133 GC heap after
Heap after GC invocations=20 (full 6):
 PSYoungGen      total 284672K, used 0K [0x00000000e0000000, 0x00000000f4d00000, 0x0000000100000000)
  eden space 284160K, 0% used [0x00000000e0000000,0x00000000e0000000,0x00000000f1580000)
  from space 512K, 0% used [0x00000000f4c80000,0x00000000f4c80000,0x00000000f4d00000)
  to   space 24064K, 0% used [0x00000000f1e00000,0x00000000f1e00000,0x00000000f3580000)
 ParOldGen       total 230400K, used 28806K [0x00000000a0000000, 0x00000000ae100000, 0x00000000e0000000)
  object space 230400K, 12% used [0x00000000a0000000,0x00000000a1c21900,0x00000000ae100000)
 Metaspace       used 68137K, capacity 69910K, committed 70872K, reserved 1116160K
  class space    used 8823K, capacity 9256K, committed 9472K, reserved 1048576K
}

